Using pre-set license
Built from '2021.2/staging' branch; Version is '2021.2.7f1 (6bd9e232123f) revision 7068130'; Using compiler version '192829333'; Build Type 'Release'
OS: 'Windows 10  (10.0.19042) 64bit Core' Language: 'en' Physical Memory: 16204 MB
BatchMode: 1, IsHumanControllingUs: 0, StartBugReporterOnCrash: 0, Is64bit: 1, IsPro: 0

COMMAND LINE ARGUMENTS:
C:\Program Files\Unity\Hub\Editor\2021.2.7f1\Editor\Unity.exe
-adb2
-batchMode
-noUpm
-name
AssetImportWorker2
-projectPath
C:/Users/thess/Desktop/COMP397WEBGAMEDEV/W2022/WEEK5-COMP397
-logFile
Logs/AssetImportWorker2.log
-srvPort
63620
Successfully changed project path to: C:/Users/thess/Desktop/COMP397WEBGAMEDEV/W2022/WEEK5-COMP397
C:/Users/thess/Desktop/COMP397WEBGAMEDEV/W2022/WEEK5-COMP397
[UnityMemory] Configuration Parameters - Can be set up in boot.config
    "memorysetup-bucket-allocator-granularity=16"
    "memorysetup-bucket-allocator-bucket-count=8"
    "memorysetup-bucket-allocator-block-size=33554432"
    "memorysetup-bucket-allocator-block-count=8"
    "memorysetup-main-allocator-block-size=16777216"
    "memorysetup-thread-allocator-block-size=16777216"
    "memorysetup-gfx-main-allocator-block-size=16777216"
    "memorysetup-gfx-thread-allocator-block-size=16777216"
    "memorysetup-cache-allocator-block-size=4194304"
    "memorysetup-typetree-allocator-block-size=2097152"
    "memorysetup-profiler-bucket-allocator-granularity=16"
    "memorysetup-profiler-bucket-allocator-bucket-count=8"
    "memorysetup-profiler-bucket-allocator-block-size=33554432"
    "memorysetup-profiler-bucket-allocator-block-count=8"
    "memorysetup-profiler-allocator-block-size=16777216"
    "memorysetup-profiler-editor-allocator-block-size=1048576"
    "memorysetup-temp-allocator-size-main=16777216"
    "memorysetup-job-temp-allocator-block-size=2097152"
    "memorysetup-job-temp-allocator-block-size-background=1048576"
    "memorysetup-job-temp-allocator-reduction-small-platforms=262144"
    "memorysetup-temp-allocator-size-background-worker=32768"
    "memorysetup-temp-allocator-size-job-worker=262144"
    "memorysetup-temp-allocator-size-preload-manager=33554432"
    "memorysetup-temp-allocator-size-nav-mesh-worker=65536"
    "memorysetup-temp-allocator-size-audio-worker=65536"
    "memorysetup-temp-allocator-size-cloud-worker=32768"
    "memorysetup-temp-allocator-size-gi-baking-worker=262144"
    "memorysetup-temp-allocator-size-gfx=262144"
Refreshing native plugins compatible for Editor in 73.75 ms, found 3 plugins.
Preloading 0 native plugins for Editor in 0.00 ms.
Initialize engine version: 2021.2.7f1 (6bd9e232123f)
[Subsystems] Discovering subsystems at path C:/Program Files/Unity/Hub/Editor/2021.2.7f1/Editor/Data/Resources/UnitySubsystems
[Subsystems] Discovering subsystems at path C:/Users/thess/Desktop/COMP397WEBGAMEDEV/W2022/WEEK5-COMP397/Assets
GfxDevice: creating device client; threaded=0; jobified=0
Direct3D:
    Version:  Direct3D 11.0 [level 11.1]
    Renderer: NVIDIA GeForce RTX 2060 (ID=0x1f15)
    Vendor:   NVIDIA
    VRAM:     5980 MB
    Driver:   26.21.14.4223
Initialize mono
Mono path[0] = 'C:/Program Files/Unity/Hub/Editor/2021.2.7f1/Editor/Data/Managed'
Mono path[1] = 'C:/Program Files/Unity/Hub/Editor/2021.2.7f1/Editor/Data/MonoBleedingEdge/lib/mono/unityjit-win32'
Mono config path = 'C:/Program Files/Unity/Hub/Editor/2021.2.7f1/Editor/Data/MonoBleedingEdge/etc'
Using monoOptions --debugger-agent=transport=dt_socket,embedding=1,server=y,suspend=n,address=127.0.0.1:56828
Begin MonoManager ReloadAssembly
Registering precompiled unity dll's ...
Register platform support module: C:/Program Files/Unity/Hub/Editor/2021.2.7f1/Editor/Data/PlaybackEngines/WebGLSupport/UnityEditor.WebGL.Extensions.dll
Register platform support module: C:/Program Files/Unity/Hub/Editor/2021.2.7f1/Editor/Data/PlaybackEngines/WindowsStandaloneSupport/UnityEditor.WindowsStandalone.Extensions.dll
Registered in 0.004515 seconds.
Native extension for WindowsStandalone target not found
Native extension for WebGL target not found
Refreshing native plugins compatible for Editor in 68.88 ms, found 3 plugins.
Preloading 0 native plugins for Editor in 0.00 ms.
Mono: successfully reloaded assembly
- Completed reload, in  0.654 seconds
Domain Reload Profiling:
	ReloadAssembly (654ms)
		BeginReloadAssembly (74ms)
			ExecutionOrderSort (0ms)
			DisableScriptedObjects (0ms)
			BackupInstance (0ms)
			ReleaseScriptingObjects (0ms)
			CreateAndSetChildDomain (1ms)
		EndReloadAssembly (508ms)
			LoadAssemblies (73ms)
			RebuildTransferFunctionScriptingTraits (0ms)
			SetupTypeCache (136ms)
			ReleaseScriptCaches (0ms)
			RebuildScriptCaches (30ms)
			SetupLoadedEditorAssemblies (286ms)
				LogAssemblyErrors (0ms)
				InitializePlatformSupportModulesInManaged (15ms)
				SetLoadedEditorAssemblies (0ms)
				RefreshPlugins (69ms)
				BeforeProcessingInitializeOnLoad (1ms)
				ProcessInitializeOnLoadAttributes (153ms)
				ProcessInitializeOnLoadMethodAttributes (47ms)
				AfterProcessingInitializeOnLoad (0ms)
				EditorAssembliesLoaded (0ms)
			ExecutionOrderSort2 (0ms)
			AwakeInstancesAfterBackupRestoration (0ms)
Platform modules already initialized, skipping
Registering precompiled user dll's ...
Registered in 0.004643 seconds.
Begin MonoManager ReloadAssembly
Native extension for WindowsStandalone target not found
Native extension for WebGL target not found
Refreshing native plugins compatible for Editor in 0.56 ms, found 3 plugins.
Preloading 0 native plugins for Editor in 0.00 ms.
Mono: successfully reloaded assembly
- Completed reload, in  1.171 seconds
Domain Reload Profiling:
	ReloadAssembly (1172ms)
		BeginReloadAssembly (108ms)
			ExecutionOrderSort (0ms)
			DisableScriptedObjects (5ms)
			BackupInstance (0ms)
			ReleaseScriptingObjects (0ms)
			CreateAndSetChildDomain (19ms)
		EndReloadAssembly (972ms)
			LoadAssemblies (229ms)
			RebuildTransferFunctionScriptingTraits (0ms)
			SetupTypeCache (285ms)
			ReleaseScriptCaches (1ms)
			RebuildScriptCaches (50ms)
			SetupLoadedEditorAssemblies (372ms)
				LogAssemblyErrors (0ms)
				InitializePlatformSupportModulesInManaged (13ms)
				SetLoadedEditorAssemblies (0ms)
				RefreshPlugins (1ms)
				BeforeProcessingInitializeOnLoad (77ms)
				ProcessInitializeOnLoadAttributes (253ms)
				ProcessInitializeOnLoadMethodAttributes (24ms)
				AfterProcessingInitializeOnLoad (4ms)
				EditorAssembliesLoaded (0ms)
			ExecutionOrderSort2 (0ms)
			AwakeInstancesAfterBackupRestoration (6ms)
Platform modules already initialized, skipping
========================================================================
Worker process is ready to serve import requests
Launched and connected shader compiler UnityShaderCompiler.exe after 0.07 seconds
Refreshing native plugins compatible for Editor in 1.09 ms, found 3 plugins.
Preloading 0 native plugins for Editor in 0.00 ms.
Unloading 3217 Unused Serialized files (Serialized files now loaded: 0)
Unloading 24 unused Assets / (55.7 KB). Loaded Objects now: 3677.
Memory consumption went from 112.3 MB to 112.2 MB.
Total: 4.217400 ms (FindLiveObjects: 0.378800 ms CreateObjectMapping: 0.566900 ms MarkObjects: 3.146900 ms  DeleteObjects: 0.123700 ms)

AssetImportParameters requested are different than current active one (requested -> active):
  custom:video-decoder-ogg-theora: a1e56fd34408186e4bbccfd4996cb3dc -> 
  custom:container-muxer-webm: aa71ff27fc2769a1b78a27578f13a17b -> 
  custom:container-demuxer-webm: 4f35f7cbe854078d1ac9338744f61a02 -> 
  custom:video-encoder-webm-vp8: eb34c28f22e8b96e1ab97ce403110664 -> 
  custom:audio-encoder-webm-vorbis: bf7c407c2cedff20999df2af8eb42d56 -> 
  custom:framework-win-MediaFoundation: 216162199b28c13a410421893ffa2e32 -> 
  custom:container-demuxer-ogg: 62fdf1f143b41e24485cea50d1cbac27 -> 
  custom:video-decoder-webm-vp8: 9c59270c3fd7afecdb556c50c9e8de78 -> 
  custom:audio-decoder-ogg-vorbis: bf7c407c2cedff20999df2af8eb42d56 -> 
========================================================================
Received Import Request.
  Time since last request: 452160.978196 seconds.
  path: Assets/Models/tile2.fbx
  artifactKey: Guid(dc37b3914e5b4574996e91f751dfa249) Importer(815301076,1909f56bfc062723c751e8b465ee728b)
Start importing Assets/Models/tile2.fbx using Guid(dc37b3914e5b4574996e91f751dfa249) Importer(815301076,1909f56bfc062723c751e8b465ee728b)  -> (artifact id: '82a2769807b658e815c65ac9d425ef66') in 1.389678 seconds 
========================================================================
Received Import Request.
  Time since last request: 9.473073 seconds.
  path: Assets/Models/coin.fbx
  artifactKey: Guid(c7036148f7bb32e409ca5a04898a5c8d) Importer(815301076,1909f56bfc062723c751e8b465ee728b)
Start importing Assets/Models/coin.fbx using Guid(c7036148f7bb32e409ca5a04898a5c8d) Importer(815301076,1909f56bfc062723c751e8b465ee728b)  -> (artifact id: '0ab7eb4d3df90c880737e5f7692e4f9a') in 0.061304 seconds 
========================================================================
Received Import Request.
  Time since last request: 72.508219 seconds.
  path: Assets/Textures/Brick Facade Texture.jpg
  artifactKey: Guid(740ffdecedfc9084e9417f8e6f6247a3) Importer(815301076,1909f56bfc062723c751e8b465ee728b)
Start importing Assets/Textures/Brick Facade Texture.jpg using Guid(740ffdecedfc9084e9417f8e6f6247a3) Importer(815301076,1909f56bfc062723c751e8b465ee728b)  -> (artifact id: '7d01534fc2c5821c5fd683bb3689b6e5') in 0.072651 seconds 
========================================================================
Received Import Request.
  Time since last request: 0.000024 seconds.
  path: Assets/Textures/Gravel Cobble Ground Texture.jpg
  artifactKey: Guid(51ce38eed19d4d9439c5d9fcaea38d73) Importer(815301076,1909f56bfc062723c751e8b465ee728b)
Start importing Assets/Textures/Gravel Cobble Ground Texture.jpg using Guid(51ce38eed19d4d9439c5d9fcaea38d73) Importer(815301076,1909f56bfc062723c751e8b465ee728b)  -> (artifact id: 'a59edb5c352ec23b19256a2ad39bf48e') in 0.028043 seconds 
========================================================================
Received Import Request.
  Time since last request: 0.000055 seconds.
  path: Assets/Textures/Gravel Cobble Ground Texture_N.jpg
  artifactKey: Guid(63fd2e938a0520f478555bbb713ab5e3) Importer(815301076,1909f56bfc062723c751e8b465ee728b)
Start importing Assets/Textures/Gravel Cobble Ground Texture_N.jpg using Guid(63fd2e938a0520f478555bbb713ab5e3) Importer(815301076,1909f56bfc062723c751e8b465ee728b)  -> (artifact id: '6820014086eb4d5c10aa5fb6bed41c32') in 0.030981 seconds 
========================================================================
Received Import Request.
  Time since last request: 12.954604 seconds.
  path: Assets/Textures/Gold Texture.tif
  artifactKey: Guid(7853efa8e1b220144a0879f936c9cc83) Importer(815301076,1909f56bfc062723c751e8b465ee728b)
Start importing Assets/Textures/Gold Texture.tif using Guid(7853efa8e1b220144a0879f936c9cc83) Importer(815301076,1909f56bfc062723c751e8b465ee728b)  -> (artifact id: '780fdffec9312e802c76508775ba2198') in 0.028075 seconds 
========================================================================
Received Import Request.
  Time since last request: 0.000030 seconds.
  path: Assets/Textures/Gold Texture_R.tif
  artifactKey: Guid(dceead43b14fe2d4c9cb61b7a1cc4698) Importer(815301076,1909f56bfc062723c751e8b465ee728b)
Start importing Assets/Textures/Gold Texture_R.tif using Guid(dceead43b14fe2d4c9cb61b7a1cc4698) Importer(815301076,1909f56bfc062723c751e8b465ee728b)  -> (artifact id: 'c9e76f2f24af710ed7b0dc91c9c36a05') in 0.025030 seconds 
========================================================================
Received Import Request.
  Time since last request: 17.766782 seconds.
  path: Assets/Models/coin.fbx
  artifactKey: Guid(c7036148f7bb32e409ca5a04898a5c8d) Importer(815301076,1909f56bfc062723c751e8b465ee728b)
Start importing Assets/Models/coin.fbx using Guid(c7036148f7bb32e409ca5a04898a5c8d) Importer(815301076,1909f56bfc062723c751e8b465ee728b)  -> (artifact id: 'f892b1c6aa5c90feb15cd59a54c61a41') in 0.025089 seconds 
========================================================================
Received Import Request.
  Time since last request: 31.575614 seconds.
  path: Assets/Models/coin.fbx
  artifactKey: Guid(c7036148f7bb32e409ca5a04898a5c8d) Importer(815301076,1909f56bfc062723c751e8b465ee728b)
Start importing Assets/Models/coin.fbx using Guid(c7036148f7bb32e409ca5a04898a5c8d) Importer(815301076,1909f56bfc062723c751e8b465ee728b)  -> (artifact id: '458d991e2b5b0b177b08abed4f2e22f9') in 0.036880 seconds 
========================================================================
Received Import Request.
  Time since last request: 11.935886 seconds.
  path: Assets/Models/coin.fbx
  artifactKey: Guid(c7036148f7bb32e409ca5a04898a5c8d) Importer(815301076,1909f56bfc062723c751e8b465ee728b)
Start importing Assets/Models/coin.fbx using Guid(c7036148f7bb32e409ca5a04898a5c8d) Importer(815301076,1909f56bfc062723c751e8b465ee728b)  -> (artifact id: 'fa4c1c1542041a7f0d3817d25be5789a') in 0.034669 seconds 
========================================================================
Received Import Request.
  Time since last request: 578.696707 seconds.
  path: Assets
  artifactKey: Guid(00000000000000001000000000000000) Importer(815301076,1909f56bfc062723c751e8b465ee728b)
Start importing Assets using Guid(00000000000000001000000000000000) Importer(815301076,1909f56bfc062723c751e8b465ee728b)  -> (artifact id: '79842766b460edbeab6a34051e857a80') in 0.007254 seconds 
========================================================================
Received Import Request.
  Time since last request: 6.630761 seconds.
  path: Assets/Animation
  artifactKey: Guid(79e67556cad4b5044b0e585740b5c5ee) Importer(815301076,1909f56bfc062723c751e8b465ee728b)
Start importing Assets/Animation using Guid(79e67556cad4b5044b0e585740b5c5ee) Importer(815301076,1909f56bfc062723c751e8b465ee728b)  -> (artifact id: 'f7e4a40a6e2d316999847c8754380d8b') in 0.007820 seconds 
